2025-04-03 10:27:36,829 - INFO - Starting Algorithms...
2025-04-03 10:27:36,829 - INFO - Loading raw data...
2025-04-03 10:27:36,829 - INFO - Opening Excel Files...
2025-04-03 10:29:41,417 - INFO - Starting Algorithms...
2025-04-03 10:29:41,418 - INFO - Loading raw data...
2025-04-03 10:29:41,418 - INFO - Opening Excel Files...
2025-04-03 10:29:43,762 - INFO - Data successfully written to raw table.
2025-04-03 14:32:59,920 - INFO - Starting Algorithms...
2025-04-03 14:32:59,920 - INFO - Loading raw data...
2025-04-03 14:32:59,920 - INFO - Training the model...
2025-04-03 14:35:44,546 - INFO - Starting Algorithms...
2025-04-03 14:35:44,546 - INFO - Loading raw data...
2025-04-03 14:35:44,546 - INFO - Training the model...
2025-04-03 14:37:40,896 - INFO - Starting Algorithms...
2025-04-03 14:37:40,896 - INFO - Loading raw data...
2025-04-03 14:37:40,896 - INFO - Training the model...
2025-04-03 14:45:52,274 - INFO - Starting Algorithms...
2025-04-03 14:45:52,274 - INFO - Loading raw data...
2025-04-03 14:45:52,274 - INFO - Training the model...
2025-04-03 14:47:34,620 - INFO - Starting Algorithms...
2025-04-03 14:47:34,620 - INFO - Loading raw data...
2025-04-03 14:47:34,620 - INFO - Training the model...
2025-04-03 15:12:41,469 - INFO - Starting Algorithms...
2025-04-03 15:12:41,470 - INFO - Loading raw data...
2025-04-03 15:12:41,470 - INFO - Training the model...
2025-04-03 16:59:45,890 - INFO - Starting Algorithms...
2025-04-03 16:59:45,890 - INFO - Loading raw data...
2025-04-03 16:59:45,890 - INFO - Opening Excel Files...
2025-04-03 16:59:47,773 - INFO - Data successfully written to raw table.
2025-04-03 16:59:47,773 - INFO - Training the model...
